2025-11-08 10:59:01,232 - INFO - ================================================================================
2025-11-08 10:59:01,233 - INFO - OBJECT MODEL SYNCHRONIZATION - FULL SYNC
2025-11-08 10:59:01,233 - INFO - ================================================================================
2025-11-08 10:59:01,234 - INFO - 
Starting full synchronization process...
2025-11-08 10:59:01,234 - INFO - 
Step 0: Creating backup...
2025-11-08 10:59:01,813 - INFO - 
Step 1: Analyze Objects
2025-11-08 10:59:01,813 - INFO - --------------------------------------------------------------------------------
2025-11-08 10:59:03,294 - INFO - 
Step 2: Sync KPI Required Objects
2025-11-08 10:59:03,295 - INFO - --------------------------------------------------------------------------------
2025-11-08 10:59:04,951 - INFO - 
Step 3: Sync Object Metadata
2025-11-08 10:59:04,951 - INFO - --------------------------------------------------------------------------------
2025-11-08 10:59:04,954 - INFO - 
Step 4: Sync UML Relationships
2025-11-08 10:59:04,954 - INFO - --------------------------------------------------------------------------------
2025-11-08 10:59:04,956 - INFO - 
Step 5: Fix Formatting
2025-11-08 10:59:04,956 - INFO - --------------------------------------------------------------------------------
2025-11-08 10:59:04,957 - INFO - 
Step 6: Validate Integrity
2025-11-08 10:59:04,958 - INFO - --------------------------------------------------------------------------------
2025-11-08 10:59:05,043 - INFO - 
Step 7: Generate Report
2025-11-08 10:59:05,043 - INFO - --------------------------------------------------------------------------------
2025-11-08 10:59:05,053 - INFO - 
================================================================================
2025-11-08 10:59:05,053 - INFO - SYNCHRONIZATION SUMMARY
2025-11-08 10:59:05,053 - INFO - ================================================================================
2025-11-08 10:59:05,053 - INFO - Total Steps: 7
2025-11-08 10:59:05,053 - INFO - Successful: 7
2025-11-08 10:59:05,053 - INFO - Failed: 0
2025-11-08 10:59:05,055 - INFO - Errors: 0
2025-11-08 10:59:05,055 - INFO - Warnings: 0
2025-11-08 10:59:05,055 - INFO - Duration: 3.82 seconds
2025-11-08 10:59:05,055 - INFO - 
================================================================================
2025-11-08 10:59:05,056 - INFO - ================================================================================
