2025-11-08 11:09:25,152 - INFO - ================================================================================
2025-11-08 11:09:25,152 - INFO - OBJECT MODEL SYNCHRONIZATION - FULL SYNC
2025-11-08 11:09:25,152 - INFO - ================================================================================
2025-11-08 11:09:25,152 - INFO - 
Starting full synchronization process...
2025-11-08 11:09:25,152 - INFO - 
Step 0: Creating backup...
2025-11-08 11:09:25,705 - INFO - 
Step 1: Analyze Objects
2025-11-08 11:09:25,705 - INFO - --------------------------------------------------------------------------------
2025-11-08 11:09:27,182 - INFO - 
Step 2: Sync KPI Required Objects
2025-11-08 11:09:27,182 - INFO - --------------------------------------------------------------------------------
2025-11-08 11:09:28,885 - INFO - 
Step 3: Sync Object Metadata
2025-11-08 11:09:28,887 - INFO - --------------------------------------------------------------------------------
2025-11-08 11:09:28,889 - INFO - 
Step 4: Sync UML Relationships
2025-11-08 11:09:28,889 - INFO - --------------------------------------------------------------------------------
2025-11-08 11:09:28,891 - INFO - 
Step 5: Fix Formatting
2025-11-08 11:09:28,891 - INFO - --------------------------------------------------------------------------------
2025-11-08 11:09:28,893 - INFO - 
Step 6: Validate Integrity
2025-11-08 11:09:28,893 - INFO - --------------------------------------------------------------------------------
2025-11-08 11:09:28,976 - INFO - 
Step 7: Generate Report
2025-11-08 11:09:28,976 - INFO - --------------------------------------------------------------------------------
2025-11-08 11:09:28,989 - INFO - 
================================================================================
2025-11-08 11:09:28,989 - INFO - SYNCHRONIZATION SUMMARY
2025-11-08 11:09:28,989 - INFO - ================================================================================
2025-11-08 11:09:28,991 - INFO - Total Steps: 7
2025-11-08 11:09:28,991 - INFO - Successful: 7
2025-11-08 11:09:28,991 - INFO - Failed: 0
2025-11-08 11:09:28,991 - INFO - Errors: 0
2025-11-08 11:09:28,991 - INFO - Warnings: 0
2025-11-08 11:09:28,991 - INFO - Duration: 3.84 seconds
2025-11-08 11:09:28,991 - INFO - 
================================================================================
2025-11-08 11:09:28,994 - INFO - ================================================================================
