2025-11-08 09:16:02,339 - INFO - ================================================================================
2025-11-08 09:16:02,339 - INFO - OBJECT MODEL SYNCHRONIZATION - FULL SYNC
2025-11-08 09:16:02,339 - INFO - ================================================================================
2025-11-08 09:16:02,342 - INFO - 
Starting full synchronization process...
2025-11-08 09:16:02,342 - INFO - 
Step 0: Creating backup...
2025-11-08 09:16:02,806 - INFO - 
Step 1: Analyze Objects
2025-11-08 09:16:02,806 - INFO - --------------------------------------------------------------------------------
2025-11-08 09:16:04,085 - INFO - 
Step 2: Sync KPI Required Objects
2025-11-08 09:16:04,086 - INFO - --------------------------------------------------------------------------------
2025-11-08 09:16:05,420 - INFO - 
Step 3: Sync Object Metadata
2025-11-08 09:16:05,420 - INFO - --------------------------------------------------------------------------------
2025-11-08 09:16:05,433 - INFO - 
Step 4: Sync UML Relationships
2025-11-08 09:16:05,433 - INFO - --------------------------------------------------------------------------------
2025-11-08 09:16:05,436 - INFO - 
Step 5: Fix Formatting
2025-11-08 09:16:05,436 - INFO - --------------------------------------------------------------------------------
2025-11-08 09:16:05,437 - INFO - 
Step 6: Validate Integrity
2025-11-08 09:16:05,437 - INFO - --------------------------------------------------------------------------------
2025-11-08 09:16:05,489 - INFO - 
Step 7: Generate Report
2025-11-08 09:16:05,489 - INFO - --------------------------------------------------------------------------------
2025-11-08 09:16:05,503 - INFO - 
================================================================================
2025-11-08 09:16:05,503 - INFO - SYNCHRONIZATION SUMMARY
2025-11-08 09:16:05,503 - INFO - ================================================================================
2025-11-08 09:16:05,503 - INFO - Total Steps: 7
2025-11-08 09:16:05,503 - INFO - Successful: 7
2025-11-08 09:16:05,503 - INFO - Failed: 0
2025-11-08 09:16:05,503 - INFO - Errors: 0
2025-11-08 09:16:05,503 - INFO - Warnings: 0
2025-11-08 09:16:05,503 - INFO - Duration: 3.16 seconds
2025-11-08 09:16:05,503 - INFO - 
================================================================================
2025-11-08 09:16:05,506 - INFO - ================================================================================
